<?xml version="1.0" encoding="UTF-8"?>
<testsuite xmlns:xsi="http://www.w3.org/2001/XMLSchema-instance" xsi:noNamespaceSchemaLocation="https://maven.apache.org/surefire/maven-surefire-plugin/xsd/surefire-test-report-3.0.xsd" version="3.0" name="lsn.io.backend.Task1Test" time="0.039" tests="1" errors="0" skipped="0" failures="0">
  <properties>
    <property name="sun.desktop" value="windows"/>
    <property name="awt.toolkit" value="sun.awt.windows.WToolkit"/>
    <property name="file.encoding.pkg" value="sun.io"/>
    <property name="java.specification.version" value="1.8"/>
    <property name="sun.cpu.isalist" value="amd64"/>
    <property name="sun.jnu.encoding" value="Cp1250"/>
    <property name="java.class.path" value="E:\pets_by_python\lsn_io_backend_task\lsn_io_backend_task1\target\test-classes;E:\pets_by_python\lsn_io_backend_task\lsn_io_backend_task1\target\classes;e:\mvn_local_repository\org\junit\jupiter\junit-jupiter-engine\5.11.0-M2\junit-jupiter-engine-5.11.0-M2.jar;e:\mvn_local_repository\org\junit\platform\junit-platform-engine\1.11.0-M2\junit-platform-engine-1.11.0-M2.jar;e:\mvn_local_repository\org\opentest4j\opentest4j\1.3.0\opentest4j-1.3.0.jar;e:\mvn_local_repository\org\junit\platform\junit-platform-commons\1.11.0-M2\junit-platform-commons-1.11.0-M2.jar;e:\mvn_local_repository\org\junit\jupiter\junit-jupiter-api\5.11.0-M2\junit-jupiter-api-5.11.0-M2.jar;e:\mvn_local_repository\org\apiguardian\apiguardian-api\1.1.2\apiguardian-api-1.1.2.jar;"/>
    <property name="java.vm.vendor" value="Oracle Corporation"/>
    <property name="sun.arch.data.model" value="64"/>
    <property name="user.variant" value=""/>
    <property name="java.vendor.url" value="http://java.oracle.com/"/>
    <property name="user.timezone" value="Europe/Belgrade"/>
    <property name="java.vm.specification.version" value="1.8"/>
    <property name="os.name" value="Windows 10"/>
    <property name="user.country" value="PL"/>
    <property name="sun.java.launcher" value="SUN_STANDARD"/>
    <property name="sun.boot.library.path" value="E:\java\jdk1.8.0_131\jre\bin"/>
    <property name="sun.java.command" value="C:\Users\Karol Kowalczyk\AppData\Local\Temp\surefire3670839622818481092\surefirebooter-20250615011336267_3.jar C:\Users\Karol Kowalczyk\AppData\Local\Temp\surefire3670839622818481092 2025-06-15T01-13-35_897-jvmRun1 surefire-20250615011336267_1tmp surefire_0-20250615011336267_2tmp"/>
    <property name="surefire.test.class.path" value="E:\pets_by_python\lsn_io_backend_task\lsn_io_backend_task1\target\test-classes;E:\pets_by_python\lsn_io_backend_task\lsn_io_backend_task1\target\classes;e:\mvn_local_repository\org\junit\jupiter\junit-jupiter-engine\5.11.0-M2\junit-jupiter-engine-5.11.0-M2.jar;e:\mvn_local_repository\org\junit\platform\junit-platform-engine\1.11.0-M2\junit-platform-engine-1.11.0-M2.jar;e:\mvn_local_repository\org\opentest4j\opentest4j\1.3.0\opentest4j-1.3.0.jar;e:\mvn_local_repository\org\junit\platform\junit-platform-commons\1.11.0-M2\junit-platform-commons-1.11.0-M2.jar;e:\mvn_local_repository\org\junit\jupiter\junit-jupiter-api\5.11.0-M2\junit-jupiter-api-5.11.0-M2.jar;e:\mvn_local_repository\org\apiguardian\apiguardian-api\1.1.2\apiguardian-api-1.1.2.jar;"/>
    <property name="sun.cpu.endian" value="little"/>
    <property name="user.home" value="C:\Users\Karol Kowalczyk"/>
    <property name="user.language" value="pl"/>
    <property name="java.specification.vendor" value="Oracle Corporation"/>
    <property name="java.home" value="E:\java\jdk1.8.0_131\jre"/>
    <property name="basedir" value="E:\pets_by_python\lsn_io_backend_task\lsn_io_backend_task1"/>
    <property name="file.separator" value="\"/>
    <property name="line.separator" value="&#10;"/>
    <property name="java.vm.specification.vendor" value="Oracle Corporation"/>
    <property name="java.specification.name" value="Java Platform API Specification"/>
    <property name="java.awt.graphicsenv" value="sun.awt.Win32GraphicsEnvironment"/>
    <property name="surefire.real.class.path" value="C:\Users\Karol Kowalczyk\AppData\Local\Temp\surefire3670839622818481092\surefirebooter-20250615011336267_3.jar"/>
    <property name="sun.boot.class.path" value="E:\java\jdk1.8.0_131\jre\lib\resources.jar;E:\java\jdk1.8.0_131\jre\lib\rt.jar;E:\java\jdk1.8.0_131\jre\lib\sunrsasign.jar;E:\java\jdk1.8.0_131\jre\lib\jsse.jar;E:\java\jdk1.8.0_131\jre\lib\jce.jar;E:\java\jdk1.8.0_131\jre\lib\charsets.jar;E:\java\jdk1.8.0_131\jre\lib\jfr.jar;E:\java\jdk1.8.0_131\jre\classes"/>
    <property name="user.script" value=""/>
    <property name="sun.management.compiler" value="HotSpot 64-Bit Tiered Compilers"/>
    <property name="java.runtime.version" value="1.8.0_131-b11"/>
    <property name="user.name" value="Karol Kowalczyk"/>
    <property name="path.separator" value=";"/>
    <property name="os.version" value="10.0"/>
    <property name="java.endorsed.dirs" value="E:\java\jdk1.8.0_131\jre\lib\endorsed"/>
    <property name="java.runtime.name" value="Java(TM) SE Runtime Environment"/>
    <property name="file.encoding" value="Cp1250"/>
    <property name="java.vm.name" value="Java HotSpot(TM) 64-Bit Server VM"/>
    <property name="localRepository" value="e:\mvn_local_repository"/>
    <property name="java.vendor.url.bug" value="http://bugreport.sun.com/bugreport/"/>
    <property name="java.io.tmpdir" value="C:\Users\KAROLK~1\AppData\Local\Temp\"/>
    <property name="java.version" value="1.8.0_131"/>
    <property name="user.dir" value="E:\pets_by_python\lsn_io_backend_task\lsn_io_backend_task1"/>
    <property name="os.arch" value="amd64"/>
    <property name="java.vm.specification.name" value="Java Virtual Machine Specification"/>
    <property name="java.awt.printerjob" value="sun.awt.windows.WPrinterJob"/>
    <property name="sun.os.patch.level" value=""/>
    <property name="java.library.path" value="E:\java\jdk1.8.0_131\jre\bin;C:\WINDOWS\Sun\Java\bin;C:\WINDOWS\system32;C:\WINDOWS;D:\vmware_workstation_pro_17\bin\;C:\WINDOWS\system32;C:\WINDOWS;C:\WINDOWS\System32\Wbem;C:\WINDOWS\System32\WindowsPowerShell\v1.0\;C:\WINDOWS\System32\OpenSSH\;E:\java\jdk1.8.0_131\bin;E:\apache-maven-3.5.3\bin;E:\Vim90\vim90;E:\putty\;E:\nodejs\;C:\Program Files\Microsoft SQL Server\150\Tools\Binn\;C:\Program Files\Microsoft SQL Server\Client SDK\ODBC\170\Tools\Binn\;C:\Program Files\Docker\Docker\resources\bin;E:\Windows Kits\10\Windows Performance Toolkit\;C:\Program Files\dotnet\;C:\Users\Karol Kowalczyk\AppData\Local\Programs\Python\Python313\Scripts\;C:\Users\Karol Kowalczyk\AppData\Local\Programs\Python\Python313\;C:\Users\Karol Kowalczyk\AppData\Local\Microsoft\WindowsApps;C:\Users\Karol Kowalczyk\AppData\Roaming\npm;C:\Users\Karol Kowalczyk\AppData\Local\GitHubDesktop\bin;D:\Microsoft VS Code\bin;C:\Users\Karol Kowalczyk\.dotnet\tools;."/>
    <property name="java.vm.info" value="mixed mode"/>
    <property name="pzu.root.app.config.dir" value="${m2_localRepository}/Downloads/pzu/AppConfig"/>
    <property name="java.vendor" value="Oracle Corporation"/>
    <property name="java.vm.version" value="25.131-b11"/>
    <property name="java.ext.dirs" value="E:\java\jdk1.8.0_131\jre\lib\ext;C:\WINDOWS\Sun\Java\lib\ext"/>
    <property name="sun.io.unicode.encoding" value="UnicodeLittle"/>
    <property name="java.class.version" value="52.0"/>
  </properties>
  <testcase name="testCalculateInputToOutputStreams" classname="lsn.io.backend.Task1Test" time="0.024"/>
</testsuite>